<?xml version="1.0" encoding="UTF-8"?>
<!-- Generated by org.testng.reporters.JUnitXMLReporter -->
<testsuite ignored="11" hostname="abdulraheemPC" failures="0" tests="1" name="Default test" time="7.026" errors="0" timestamp="2025-07-20T21:39:48 EET">
  <testcase classname="MyTestCases" name="Calender" time="1.708"/>
  <testcase classname="MyTestCases" name="AlertAndConfirm" time="0.0">
    <ignored/>
  </testcase> <!-- AlertAndConfirm -->
  <testcase classname="MyTestCases" name="CheckBox" time="0.0">
    <ignored/>
  </testcase> <!-- CheckBox -->
  <testcase classname="MyTestCases" name="HideAndShow" time="0.0">
    <ignored/>
  </testcase> <!-- HideAndShow -->
  <testcase classname="MyTestCases" name="RadioButton" time="0.0">
    <ignored/>
  </testcase> <!-- RadioButton -->
  <testcase classname="MyTestCases" name="TheTable" time="0.0">
    <ignored/>
  </testcase> <!-- TheTable -->
  <testcase classname="MyTestCases" name="open_tab" time="0.0">
    <ignored/>
  </testcase> <!-- open_tab -->
  <testcase classname="MyTestCases" name="open_Window" time="0.0">
    <ignored/>
  </testcase> <!-- open_Window -->
  <testcase classname="MyTestCases" name="Dynamic_Dropdown_Example" time="0.0">
    <ignored/>
  </testcase> <!-- Dynamic_Dropdown_Example -->
  <testcase classname="MyTestCases" name="EnableAndDsiable" time="0.0">
    <ignored/>
  </testcase> <!-- EnableAndDsiable -->
  <testcase classname="MyTestCases" name="Select_tag" time="0.0">
    <ignored/>
  </testcase> <!-- Select_tag -->
  <testcase classname="MyTestCases" name="MouseHover" time="0.0">
    <ignored/>
  </testcase> <!-- MouseHover -->
</testsuite> <!-- Default test -->
