<?xml version="1.0" encoding="UTF-8"?>
<!-- Generated by org.testng.reporters.JUnitXMLReporter -->
<testsuite ignored="11" hostname="abdulraheemPC" failures="0" tests="5" name="Default test" time="97.352" errors="0" timestamp="2025-07-23T21:40:32 EET">
  <testcase classname="MyTestCases" name="addData" time="0.017"/>
  <testcase classname="MyTestCases" name="updateData" time="0.005"/>
  <testcase classname="MyTestCases" name="Calender" time="14.805"/>
  <testcase classname="MyTestCases" name="DeleteData" time="72.631"/>
  <testcase classname="MyTestCases" name="TakeAscreenShot" time="4.73"/>
  <testcase classname="MyTestCases" name="EnableAndDsiable" time="0.0">
    <ignored/>
  </testcase> <!-- EnableAndDsiable -->
  <testcase classname="MyTestCases" name="HideAndShow" time="0.0">
    <ignored/>
  </testcase> <!-- HideAndShow -->
  <testcase classname="MyTestCases" name="Dynamic_Dropdown_Example" time="0.0">
    <ignored/>
  </testcase> <!-- Dynamic_Dropdown_Example -->
  <testcase classname="MyTestCases" name="open_Window" time="0.0">
    <ignored/>
  </testcase> <!-- open_Window -->
  <testcase classname="MyTestCases" name="MouseHover" time="0.0">
    <ignored/>
  </testcase> <!-- MouseHover -->
  <testcase classname="MyTestCases" name="Select_tag" time="0.0">
    <ignored/>
  </testcase> <!-- Select_tag -->
  <testcase classname="MyTestCases" name="open_tab" time="0.0">
    <ignored/>
  </testcase> <!-- open_tab -->
  <testcase classname="MyTestCases" name="RadioButton" time="0.0">
    <ignored/>
  </testcase> <!-- RadioButton -->
  <testcase classname="MyTestCases" name="TheTable" time="0.0">
    <ignored/>
  </testcase> <!-- TheTable -->
  <testcase classname="MyTestCases" name="CheckBox" time="0.0">
    <ignored/>
  </testcase> <!-- CheckBox -->
  <testcase classname="MyTestCases" name="AlertAndConfirm" time="0.0">
    <ignored/>
  </testcase> <!-- AlertAndConfirm -->
</testsuite> <!-- Default test -->
