<?xml version="1.0" encoding="UTF-8"?>
<testng-results ignored="11" total="16" passed="5" failed="0" skipped="0">
  <reporter-output>
  </reporter-output>
  <suite started-at="2025-07-23T21:38:55 EET" name="Default suite" finished-at="2025-07-23T21:40:32 EET" duration-ms="97352">
    <groups>
    </groups>
    <test started-at="2025-07-23T21:38:55 EET" name="Default test" finished-at="2025-07-23T21:40:32 EET" duration-ms="97352">
      <class name="MyTestCases">
        <test-method is-config="true" signature="myTestSetup()[pri:0, instance:MyTestCases@3a6f2de3]" started-at="2025-07-23T21:38:55 EET" name="myTestSetup" finished-at="2025-07-23T21:39:00 EET" duration-ms="5085" status="PASS">
          <reporter-output>
          </reporter-output>
        </test-method> <!-- myTestSetup -->
        <test-method signature="addData()[pri:1, instance:MyTestCases@3a6f2de3]" started-at="2025-07-23T21:39:00 EET" name="addData" finished-at="2025-07-23T21:39:00 EET" duration-ms="17" status="PASS">
          <reporter-output>
          </reporter-output>
        </test-method> <!-- addData -->
        <test-method signature="updateData()[pri:2, instance:MyTestCases@3a6f2de3]" started-at="2025-07-23T21:39:00 EET" name="updateData" finished-at="2025-07-23T21:39:00 EET" duration-ms="5" status="PASS">
          <reporter-output>
          </reporter-output>
        </test-method> <!-- updateData -->
        <test-method signature="Calender()[pri:3, instance:MyTestCases@3a6f2de3]" started-at="2025-07-23T21:39:00 EET" name="Calender" finished-at="2025-07-23T21:39:15 EET" duration-ms="14805" status="PASS">
          <reporter-output>
          </reporter-output>
        </test-method> <!-- Calender -->
        <test-method signature="DeleteData()[pri:4, instance:MyTestCases@3a6f2de3]" started-at="2025-07-23T21:39:15 EET" name="DeleteData" finished-at="2025-07-23T21:40:27 EET" duration-ms="72631" status="PASS">
          <reporter-output>
          </reporter-output>
        </test-method> <!-- DeleteData -->
        <test-method signature="TakeAscreenShot()[pri:5, instance:MyTestCases@3a6f2de3]" started-at="2025-07-23T21:40:27 EET" name="TakeAscreenShot" finished-at="2025-07-23T21:40:32 EET" duration-ms="4730" status="PASS">
          <reporter-output>
          </reporter-output>
        </test-method> <!-- TakeAscreenShot -->
      </class> <!-- MyTestCases -->
    </test> <!-- Default test -->
  </suite> <!-- Default suite -->
</testng-results>
