<?xml version="1.0" encoding="UTF-8"?>
<testng-results ignored="11" total="12" passed="1" failed="0" skipped="0">
  <reporter-output>
  </reporter-output>
  <suite started-at="2025-07-22T21:19:35 EET" name="Default suite" finished-at="2025-07-22T21:19:46 EET" duration-ms="11491">
    <groups>
    </groups>
    <test started-at="2025-07-22T21:19:35 EET" name="Default test" finished-at="2025-07-22T21:19:46 EET" duration-ms="11491">
      <class name="MyTestCases">
        <test-method is-config="true" signature="myTestSetup()[pri:0, instance:MyTestCases@3a393455]" started-at="2025-07-22T21:19:35 EET" name="myTestSetup" finished-at="2025-07-22T21:19:41 EET" duration-ms="5934" status="PASS">
          <reporter-output>
          </reporter-output>
        </test-method> <!-- myTestSetup -->
        <test-method signature="Calender()[pri:0, instance:MyTestCases@3a393455]" started-at="2025-07-22T21:19:41 EET" name="Calender" finished-at="2025-07-22T21:19:46 EET" duration-ms="5528" status="PASS">
          <reporter-output>
          </reporter-output>
        </test-method> <!-- Calender -->
      </class> <!-- MyTestCases -->
    </test> <!-- Default test -->
  </suite> <!-- Default suite -->
</testng-results>
